<migrationPlan xml:lang="pt-BR">

	<typeMapping type="SamplePrevalentSystem.Title">
	
		<field name="_description">
			<fromField>_summary</fromField>
		</field>
		
		<field name="_publishDate">
			<const>10/09/2002</const>
		</field>
		
		<field name="_reviews">
			<newObject />
		</field>
		
	</typeMapping>		 
	
	<typeMapping type="SamplePrevalentSystem.LibrarySystem">
		<alias>SamplePrevalentSystem.Library</alias>
	</typeMapping>
	
	<script for="context" event="AfterDeserialization" language="vb">
	<code>// Nothing here...</code>
	</script>
	
	<script for="context" event="AfterDeserialization">
	<import namespace="SamplePrevalentSystem" />
	<code />
	</script>
	

</migrationPlan>
